2024-05-05 14:00:28,549:INFO:PyCaret Supervised Module
2024-05-05 14:00:28,549:INFO:ML Usecase: classification
2024-05-05 14:00:28,549:INFO:version 2.3.10
2024-05-05 14:00:28,550:INFO:Initializing setup()
2024-05-05 14:00:28,550:INFO:setup(target=simple_class, ml_usecase=classification, available_plots={'parameter': 'Hyperparameters', 'auc': 'AUC', 'confusion_matrix': 'Confusion Matrix', 'threshold': 'Threshold', 'pr': 'Precision Recall', 'error': 'Prediction Error', 'class_report': 'Class Report', 'rfe': 'Feature Selection', 'learning': 'Learning Curve', 'manifold': 'Manifold Learning', 'calibration': 'Calibration Curve', 'vc': 'Validation Curve', 'dimension': 'Dimensions', 'feature': 'Feature Importance', 'feature_all': 'Feature Importance (All)', 'boundary': 'Decision Boundary', 'lift': 'Lift Chart', 'gain': 'Gain Chart', 'tree': 'Decision Tree', 'ks': 'KS Statistic Plot'}, train_size=0.7, test_data=None, preprocess=True, imputation_type=simple, iterative_imputation_iters=5, categorical_features=None, categorical_imputation=constant, categorical_iterative_imputer=lightgbm, ordinal_features=None, high_cardinality_features=None, high_cardinality_method=frequency, numeric_features=None, numeric_imputation=mean, numeric_iterative_imputer=lightgbm, date_features=None, ignore_features=None, normalize=False, normalize_method=zscore, transformation=False, transformation_method=yeo-johnson, handle_unknown_categorical=True, unknown_categorical_method=least_frequent, pca=False, pca_method=linear, pca_components=None, ignore_low_variance=False, combine_rare_levels=False, rare_level_threshold=0.1, bin_numeric_features=None, remove_outliers=False, outliers_threshold=0.05, remove_multicollinearity=False, multicollinearity_threshold=0.9, remove_perfect_collinearity=True, create_clusters=False, cluster_iter=20, polynomial_features=False, polynomial_degree=2, trigonometry_features=False, polynomial_threshold=0.1, group_features=None, group_names=None, feature_selection=False, feature_selection_threshold=0.8, feature_selection_method=classic, feature_interaction=False, feature_ratio=False, interaction_threshold=0.01, fix_imbalance=False, fix_imbalance_method=None, transform_target=False, transform_target_method=box-cox, data_split_shuffle=True, data_split_stratify=False, fold_strategy=stratifiedkfold, fold=10, fold_shuffle=False, fold_groups=None, n_jobs=-1, use_gpu=False, custom_pipeline=None, html=True, session_id=123, log_experiment=False, experiment_name=None, experiment_custom_tags=None, log_plots=False, log_profile=False, log_data=False, silent=False, verbose=True, profile=False, profile_kwargs=None, display=None)
2024-05-05 14:00:28,562:INFO:Checking environment
2024-05-05 14:00:28,562:INFO:python_version: 3.8.13
2024-05-05 14:00:28,562:INFO:python_build: ('default', 'Mar 28 2022 06:59:08')
2024-05-05 14:00:28,562:INFO:machine: AMD64
2024-05-05 14:00:28,562:INFO:platform: Windows-10-10.0.22621-SP0
2024-05-05 14:00:28,562:INFO:Memory: svmem(total=16505966592, available=6528151552, percent=60.4, used=9977815040, free=6528151552)
2024-05-05 14:00:28,562:INFO:Physical Core: 6
2024-05-05 14:00:28,562:INFO:Logical Core: 12
2024-05-05 14:00:28,562:INFO:Checking libraries
2024-05-05 14:00:28,562:INFO:pd==1.4.2
2024-05-05 14:00:28,562:INFO:numpy==1.19.5
2024-05-05 14:00:28,562:INFO:sklearn==0.23.2
2024-05-05 14:00:28,562:INFO:lightgbm==3.3.2
2024-05-05 14:00:28,902:INFO:catboost==1.0.5
2024-05-05 14:00:28,902:INFO:xgboost==1.6.0
2024-05-05 14:00:28,903:INFO:mlflow==1.25.1
2024-05-05 14:00:28,903:INFO:Checking Exceptions
2024-05-05 14:00:28,903:INFO:Declaring global variables
2024-05-05 14:00:28,903:INFO:USI: c04b
2024-05-05 14:00:28,903:INFO:pycaret_globals: {'fold_param', 'display_container', '_all_models', 'experiment__', 'X_test', 'data_before_preprocess', 'create_model_container', 'fix_imbalance_method_param', 'seed', 'master_model_container', 'y', 'html_param', 'USI', 'fold_shuffle_param', '_all_metrics', 'imputation_classifier', 'transform_target_method_param', 'gpu_param', 'fold_generator', 'n_jobs_param', '_ml_usecase', 'logging_param', 'imputation_regressor', 'exp_name_log', 'target_param', 'stratify_param', 'fold_groups_param', 'fix_imbalance_param', 'dashboard_logger', 'pycaret_globals', '_available_plots', 'X', 'log_plots_param', '_all_models_internal', 'prep_pipe', '_gpu_n_jobs_param', '_internal_pipeline', 'X_train', 'iterative_imputation_iters_param', 'y_test', 'transform_target_param', 'fold_groups_param_full', 'y_train'}
2024-05-05 14:00:28,903:INFO:Preparing display monitor
2024-05-05 14:00:28,903:INFO:Preparing display monitor
2024-05-05 14:00:28,915:INFO:Importing libraries
2024-05-05 14:00:28,915:INFO:Copying data for preprocessing
2024-05-05 14:00:28,929:INFO:Declaring preprocessing parameters
2024-05-05 14:00:28,941:INFO:Creating preprocessing pipeline
2024-05-05 14:00:29,112:INFO:Preprocessing pipeline created successfully
2024-05-05 14:00:29,112:ERROR:(Process Exit): setup has been interupted with user command 'quit'. setup must rerun.
2024-05-05 14:00:29,112:INFO:Creating global containers
2024-05-05 14:00:29,114:INFO:Internal pipeline: Pipeline(memory=None, steps=[('empty_step', 'passthrough')], verbose=False)
2024-05-05 14:11:08,775:INFO:PyCaret Supervised Module
2024-05-05 14:11:08,776:INFO:ML Usecase: classification
2024-05-05 14:11:08,776:INFO:version 2.3.10
2024-05-05 14:11:08,777:INFO:Initializing setup()
2024-05-05 14:11:08,777:INFO:setup(target=simple_class, ml_usecase=classification, available_plots={'parameter': 'Hyperparameters', 'auc': 'AUC', 'confusion_matrix': 'Confusion Matrix', 'threshold': 'Threshold', 'pr': 'Precision Recall', 'error': 'Prediction Error', 'class_report': 'Class Report', 'rfe': 'Feature Selection', 'learning': 'Learning Curve', 'manifold': 'Manifold Learning', 'calibration': 'Calibration Curve', 'vc': 'Validation Curve', 'dimension': 'Dimensions', 'feature': 'Feature Importance', 'feature_all': 'Feature Importance (All)', 'boundary': 'Decision Boundary', 'lift': 'Lift Chart', 'gain': 'Gain Chart', 'tree': 'Decision Tree', 'ks': 'KS Statistic Plot'}, train_size=0.7, test_data=None, preprocess=True, imputation_type=simple, iterative_imputation_iters=5, categorical_features=None, categorical_imputation=constant, categorical_iterative_imputer=lightgbm, ordinal_features=None, high_cardinality_features=None, high_cardinality_method=frequency, numeric_features=None, numeric_imputation=mean, numeric_iterative_imputer=lightgbm, date_features=None, ignore_features=None, normalize=False, normalize_method=zscore, transformation=False, transformation_method=yeo-johnson, handle_unknown_categorical=True, unknown_categorical_method=least_frequent, pca=False, pca_method=linear, pca_components=None, ignore_low_variance=False, combine_rare_levels=False, rare_level_threshold=0.1, bin_numeric_features=None, remove_outliers=False, outliers_threshold=0.05, remove_multicollinearity=False, multicollinearity_threshold=0.9, remove_perfect_collinearity=True, create_clusters=False, cluster_iter=20, polynomial_features=False, polynomial_degree=2, trigonometry_features=False, polynomial_threshold=0.1, group_features=None, group_names=None, feature_selection=False, feature_selection_threshold=0.8, feature_selection_method=classic, feature_interaction=False, feature_ratio=False, interaction_threshold=0.01, fix_imbalance=False, fix_imbalance_method=None, transform_target=False, transform_target_method=box-cox, data_split_shuffle=True, data_split_stratify=False, fold_strategy=stratifiedkfold, fold=10, fold_shuffle=False, fold_groups=None, n_jobs=-1, use_gpu=False, custom_pipeline=None, html=True, session_id=123, log_experiment=False, experiment_name=None, experiment_custom_tags=None, log_plots=False, log_profile=False, log_data=False, silent=False, verbose=True, profile=False, profile_kwargs=None, display=None)
2024-05-05 14:11:08,777:INFO:Checking environment
2024-05-05 14:11:08,777:INFO:python_version: 3.8.13
2024-05-05 14:11:08,777:INFO:python_build: ('default', 'Mar 28 2022 06:59:08')
2024-05-05 14:11:08,777:INFO:machine: AMD64
2024-05-05 14:11:08,777:INFO:platform: Windows-10-10.0.22621-SP0
2024-05-05 14:11:08,777:INFO:Memory: svmem(total=16505966592, available=6813323264, percent=58.7, used=9692643328, free=6813323264)
2024-05-05 14:11:08,777:INFO:Physical Core: 6
2024-05-05 14:11:08,777:INFO:Logical Core: 12
2024-05-05 14:11:08,777:INFO:Checking libraries
2024-05-05 14:11:08,778:INFO:pd==1.4.2
2024-05-05 14:11:08,778:INFO:numpy==1.19.5
2024-05-05 14:11:08,778:INFO:sklearn==0.23.2
2024-05-05 14:11:08,778:INFO:lightgbm==3.3.2
2024-05-05 14:11:08,969:INFO:catboost==1.0.5
2024-05-05 14:11:08,969:INFO:xgboost==1.6.0
2024-05-05 14:11:08,970:INFO:mlflow==1.25.1
2024-05-05 14:11:08,970:INFO:Checking Exceptions
2024-05-05 14:11:08,970:INFO:Declaring global variables
2024-05-05 14:11:08,970:INFO:USI: 7de8
2024-05-05 14:11:08,970:INFO:pycaret_globals: {'display_container', 'fold_generator', 'y_train', '_all_models', 'create_model_container', '_available_plots', 'html_param', 'exp_name_log', 'X_train', 'imputation_regressor', 'experiment__', 'logging_param', 'target_param', 'pycaret_globals', 'master_model_container', 'data_before_preprocess', 'gpu_param', 'USI', 'imputation_classifier', 'X_test', 'fold_groups_param_full', 'transform_target_method_param', '_all_models_internal', 'fold_shuffle_param', 'dashboard_logger', 'n_jobs_param', 'transform_target_param', 'fix_imbalance_param', '_gpu_n_jobs_param', 'iterative_imputation_iters_param', 'fold_groups_param', '_internal_pipeline', 'y_test', '_all_metrics', 'prep_pipe', '_ml_usecase', 'stratify_param', 'X', 'fix_imbalance_method_param', 'log_plots_param', 'y', 'seed', 'fold_param'}
2024-05-05 14:11:08,970:INFO:Preparing display monitor
2024-05-05 14:11:08,970:INFO:Preparing display monitor
2024-05-05 14:11:08,981:INFO:Importing libraries
2024-05-05 14:11:08,981:INFO:Copying data for preprocessing
2024-05-05 14:11:08,995:INFO:Declaring preprocessing parameters
2024-05-05 14:11:09,007:INFO:Creating preprocessing pipeline
2024-05-05 14:11:09,202:INFO:Preprocessing pipeline created successfully
2024-05-05 14:11:09,203:ERROR:(Process Exit): setup has been interupted with user command 'quit'. setup must rerun.
2024-05-05 14:11:09,203:INFO:Creating global containers
2024-05-05 14:11:09,204:INFO:Internal pipeline: Pipeline(memory=None, steps=[('empty_step', 'passthrough')], verbose=False)
2024-05-05 14:11:12,708:INFO:Creating grid variables
2024-05-05 14:11:12,769:INFO:create_model_container: 0
2024-05-05 14:11:12,770:INFO:master_model_container: 0
2024-05-05 14:11:12,770:INFO:display_container: 1
2024-05-05 14:11:12,775:INFO:Pipeline(memory=None,
         steps=[('dtypes',
                 DataTypes_Auto_infer(categorical_features=[],
                                      display_types=True, features_todrop=[],
                                      id_columns=[],
                                      ml_usecase='classification',
                                      numerical_features=[],
                                      target='simple_class',
                                      time_features=[])),
                ('imputer',
                 Simple_Imputer(categorical_strategy='not_available',
                                fill_value_categorical=None,
                                fill_value_numerical=None,
                                numeric...
                ('scaling', 'passthrough'), ('P_transform', 'passthrough'),
                ('binn', 'passthrough'), ('rem_outliers', 'passthrough'),
                ('cluster_all', 'passthrough'),
                ('dummy', Dummify(target='simple_class')),
                ('fix_perfect', Remove_100(target='simple_class')),
                ('clean_names', Clean_Colum_Names()),
                ('feature_select', 'passthrough'), ('fix_multi', 'passthrough'),
                ('dfs', 'passthrough'), ('pca', 'passthrough')],
         verbose=False)
2024-05-05 14:11:12,775:INFO:setup() succesfully completed......................................
2024-05-05 14:11:12,893:INFO:Initializing compare_models()
2024-05-05 14:11:12,893:INFO:compare_models(include=None, fold=None, round=4, cross_validation=True, sort=Accuracy, n_select=1, budget_time=5, turbo=True, errors=ignore, fit_kwargs=None, groups=None, experiment_custom_tags=None, probability_threshold=None, verbose=True, display=None, exclude=None)
2024-05-05 14:11:12,893:INFO:Checking exceptions
2024-05-05 14:11:12,894:INFO:Preparing display monitor
2024-05-05 14:11:12,895:INFO:Preparing display monitor
2024-05-05 14:11:12,923:INFO:Time budget is 5 minutes
2024-05-05 14:11:12,924:INFO:Initializing Logistic Regression
2024-05-05 14:11:12,924:INFO:Total runtime is 1.674493153889974e-05 minutes
2024-05-05 14:11:12,934:INFO:SubProcess create_model() called ==================================
2024-05-05 14:11:12,934:INFO:Initializing create_model()
2024-05-05 14:11:12,934:INFO:create_model(estimator=lr, fold=StratifiedKFold(n_splits=10, random_state=None, shuffle=False), round=4, cross_validation=True, predict=True, fit_kwargs={}, groups=None, refit=False, verbose=False, system=False, metrics=None, experiment_custom_tags=None, add_to_model_list=True, probability_threshold=None, display=<pycaret.internal.Display.Display object at 0x0000019F0A517280>, return_train_score=False, kwargs={})
2024-05-05 14:11:12,935:INFO:Checking exceptions
2024-05-05 14:11:12,935:INFO:Importing libraries
2024-05-05 14:11:12,935:INFO:Copying training dataset
2024-05-05 14:11:12,938:INFO:Defining folds
2024-05-05 14:11:12,938:INFO:Declaring metric variables
2024-05-05 14:11:12,946:INFO:Importing untrained model
2024-05-05 14:11:12,955:INFO:Logistic Regression Imported succesfully
2024-05-05 14:11:12,973:INFO:Starting cross validation
2024-05-05 14:11:12,974:INFO:Cross validating with StratifiedKFold(n_splits=10, random_state=None, shuffle=False), n_jobs=-1
2024-05-05 14:14:27,898:INFO:Calculating mean and std
2024-05-05 14:14:27,899:INFO:Creating metrics dataframe
2024-05-05 14:14:27,926:INFO:Uploading results into container
2024-05-05 14:14:27,926:INFO:Uploading model into container now
2024-05-05 14:14:27,926:INFO:create_model_container: 1
2024-05-05 14:14:27,927:INFO:master_model_container: 1
2024-05-05 14:14:27,927:INFO:display_container: 2
2024-05-05 14:14:27,927:INFO:LogisticRegression(C=1.0, class_weight=None, dual=False, fit_intercept=True,
                   intercept_scaling=1, l1_ratio=None, max_iter=1000,
                   multi_class='auto', n_jobs=None, penalty='l2',
                   random_state=123, solver='lbfgs', tol=0.0001, verbose=0,
                   warm_start=False)
2024-05-05 14:14:27,928:INFO:create_model() succesfully completed......................................
2024-05-05 14:14:28,034:INFO:SubProcess create_model() end ==================================
2024-05-05 14:14:28,034:INFO:Creating metrics dataframe
2024-05-05 14:14:28,060:INFO:Initializing K Neighbors Classifier
2024-05-05 14:14:28,060:INFO:Total runtime is 3.252284220854441 minutes
2024-05-05 14:14:28,069:INFO:SubProcess create_model() called ==================================
2024-05-05 14:14:28,069:INFO:Initializing create_model()
2024-05-05 14:14:28,069:INFO:create_model(estimator=knn, fold=StratifiedKFold(n_splits=10, random_state=None, shuffle=False), round=4, cross_validation=True, predict=True, fit_kwargs={}, groups=None, refit=False, verbose=False, system=False, metrics=None, experiment_custom_tags=None, add_to_model_list=True, probability_threshold=None, display=<pycaret.internal.Display.Display object at 0x0000019F0A517280>, return_train_score=False, kwargs={})
2024-05-05 14:14:28,070:INFO:Checking exceptions
2024-05-05 14:14:28,070:INFO:Importing libraries
2024-05-05 14:14:28,070:INFO:Copying training dataset
2024-05-05 14:14:28,074:INFO:Defining folds
2024-05-05 14:14:28,074:INFO:Declaring metric variables
2024-05-05 14:14:28,082:INFO:Importing untrained model
2024-05-05 14:14:28,090:INFO:K Neighbors Classifier Imported succesfully
2024-05-05 14:14:28,109:INFO:Starting cross validation
2024-05-05 14:14:28,109:INFO:Cross validating with StratifiedKFold(n_splits=10, random_state=None, shuffle=False), n_jobs=-1
2024-05-05 14:14:33,743:INFO:Calculating mean and std
2024-05-05 14:14:33,744:INFO:Creating metrics dataframe
2024-05-05 14:14:33,765:INFO:Uploading results into container
2024-05-05 14:14:33,765:INFO:Uploading model into container now
2024-05-05 14:14:33,765:INFO:create_model_container: 2
2024-05-05 14:14:33,765:INFO:master_model_container: 2
2024-05-05 14:14:33,765:INFO:display_container: 2
2024-05-05 14:14:33,765:INFO:KNeighborsClassifier(algorithm='auto', leaf_size=30, metric='minkowski',
                     metric_params=None, n_jobs=-1, n_neighbors=5, p=2,
                     weights='uniform')
2024-05-05 14:14:33,765:INFO:create_model() succesfully completed......................................
2024-05-05 14:14:33,870:INFO:SubProcess create_model() end ==================================
2024-05-05 14:14:33,870:INFO:Creating metrics dataframe
2024-05-05 14:14:33,899:INFO:Initializing Naive Bayes
2024-05-05 14:14:33,899:INFO:Total runtime is 3.34960192044576 minutes
2024-05-05 14:14:33,907:INFO:SubProcess create_model() called ==================================
2024-05-05 14:14:33,907:INFO:Initializing create_model()
2024-05-05 14:14:33,908:INFO:create_model(estimator=nb, fold=StratifiedKFold(n_splits=10, random_state=None, shuffle=False), round=4, cross_validation=True, predict=True, fit_kwargs={}, groups=None, refit=False, verbose=False, system=False, metrics=None, experiment_custom_tags=None, add_to_model_list=True, probability_threshold=None, display=<pycaret.internal.Display.Display object at 0x0000019F0A517280>, return_train_score=False, kwargs={})
2024-05-05 14:14:33,908:INFO:Checking exceptions
2024-05-05 14:14:33,908:INFO:Importing libraries
2024-05-05 14:14:33,908:INFO:Copying training dataset
2024-05-05 14:14:33,911:INFO:Defining folds
2024-05-05 14:14:33,911:INFO:Declaring metric variables
2024-05-05 14:14:33,920:INFO:Importing untrained model
2024-05-05 14:14:33,928:INFO:Naive Bayes Imported succesfully
2024-05-05 14:14:33,945:INFO:Starting cross validation
2024-05-05 14:14:33,947:INFO:Cross validating with StratifiedKFold(n_splits=10, random_state=None, shuffle=False), n_jobs=-1
2024-05-05 14:14:35,020:INFO:Calculating mean and std
2024-05-05 14:14:35,021:INFO:Creating metrics dataframe
2024-05-05 14:14:35,043:INFO:Uploading results into container
2024-05-05 14:14:35,043:INFO:Uploading model into container now
2024-05-05 14:14:35,043:INFO:create_model_container: 3
2024-05-05 14:14:35,043:INFO:master_model_container: 3
2024-05-05 14:14:35,043:INFO:display_container: 2
2024-05-05 14:14:35,044:INFO:GaussianNB(priors=None, var_smoothing=1e-09)
2024-05-05 14:14:35,044:INFO:create_model() succesfully completed......................................
2024-05-05 14:14:35,150:INFO:SubProcess create_model() end ==================================
2024-05-05 14:14:35,150:INFO:Creating metrics dataframe
2024-05-05 14:14:35,178:INFO:Initializing Decision Tree Classifier
2024-05-05 14:14:35,179:INFO:Total runtime is 3.370928879578908 minutes
2024-05-05 14:14:35,187:INFO:SubProcess create_model() called ==================================
2024-05-05 14:14:35,188:INFO:Initializing create_model()
2024-05-05 14:14:35,188:INFO:create_model(estimator=dt, fold=StratifiedKFold(n_splits=10, random_state=None, shuffle=False), round=4, cross_validation=True, predict=True, fit_kwargs={}, groups=None, refit=False, verbose=False, system=False, metrics=None, experiment_custom_tags=None, add_to_model_list=True, probability_threshold=None, display=<pycaret.internal.Display.Display object at 0x0000019F0A517280>, return_train_score=False, kwargs={})
2024-05-05 14:14:35,188:INFO:Checking exceptions
2024-05-05 14:14:35,188:INFO:Importing libraries
2024-05-05 14:14:35,188:INFO:Copying training dataset
2024-05-05 14:14:35,192:INFO:Defining folds
2024-05-05 14:14:35,192:INFO:Declaring metric variables
2024-05-05 14:14:35,200:INFO:Importing untrained model
2024-05-05 14:14:35,208:INFO:Decision Tree Classifier Imported succesfully
2024-05-05 14:14:35,224:INFO:Starting cross validation
2024-05-05 14:14:35,225:INFO:Cross validating with StratifiedKFold(n_splits=10, random_state=None, shuffle=False), n_jobs=-1
2024-05-05 14:14:37,121:INFO:Calculating mean and std
2024-05-05 14:14:37,122:INFO:Creating metrics dataframe
2024-05-05 14:14:37,144:INFO:Uploading results into container
2024-05-05 14:14:37,144:INFO:Uploading model into container now
2024-05-05 14:14:37,144:INFO:create_model_container: 4
2024-05-05 14:14:37,144:INFO:master_model_container: 4
2024-05-05 14:14:37,144:INFO:display_container: 2
2024-05-05 14:14:37,144:INFO:DecisionTreeClassifier(ccp_alpha=0.0, class_weight=None, criterion='gini',
                       max_depth=None, max_features=None, max_leaf_nodes=None,
                       min_impurity_decrease=0.0, min_impurity_split=None,
                       min_samples_leaf=1, min_samples_split=2,
                       min_weight_fraction_leaf=0.0, presort='deprecated',
                       random_state=123, splitter='best')
2024-05-05 14:14:37,144:INFO:create_model() succesfully completed......................................
2024-05-05 14:14:37,251:INFO:SubProcess create_model() end ==================================
2024-05-05 14:14:37,252:INFO:Creating metrics dataframe
2024-05-05 14:14:37,282:INFO:Initializing SVM - Linear Kernel
2024-05-05 14:14:37,282:INFO:Total runtime is 3.4059756517410276 minutes
2024-05-05 14:14:37,290:INFO:SubProcess create_model() called ==================================
2024-05-05 14:14:37,291:INFO:Initializing create_model()
2024-05-05 14:14:37,291:INFO:create_model(estimator=svm, fold=StratifiedKFold(n_splits=10, random_state=None, shuffle=False), round=4, cross_validation=True, predict=True, fit_kwargs={}, groups=None, refit=False, verbose=False, system=False, metrics=None, experiment_custom_tags=None, add_to_model_list=True, probability_threshold=None, display=<pycaret.internal.Display.Display object at 0x0000019F0A517280>, return_train_score=False, kwargs={})
2024-05-05 14:14:37,291:INFO:Checking exceptions
2024-05-05 14:14:37,291:INFO:Importing libraries
2024-05-05 14:14:37,291:INFO:Copying training dataset
2024-05-05 14:14:37,296:INFO:Defining folds
2024-05-05 14:14:37,297:INFO:Declaring metric variables
2024-05-05 14:14:37,307:INFO:Importing untrained model
2024-05-05 14:14:37,316:INFO:SVM - Linear Kernel Imported succesfully
2024-05-05 14:14:37,333:INFO:Starting cross validation
2024-05-05 14:14:37,333:INFO:Cross validating with StratifiedKFold(n_splits=10, random_state=None, shuffle=False), n_jobs=-1
2024-05-05 14:14:49,596:INFO:Calculating mean and std
2024-05-05 14:14:49,597:INFO:Creating metrics dataframe
2024-05-05 14:14:49,618:INFO:Uploading results into container
2024-05-05 14:14:49,619:INFO:Uploading model into container now
2024-05-05 14:14:49,619:INFO:create_model_container: 5
2024-05-05 14:14:49,619:INFO:master_model_container: 5
2024-05-05 14:14:49,619:INFO:display_container: 2
2024-05-05 14:14:49,619:INFO:SGDClassifier(alpha=0.0001, average=False, class_weight=None,
              early_stopping=False, epsilon=0.1, eta0=0.001, fit_intercept=True,
              l1_ratio=0.15, learning_rate='optimal', loss='hinge',
              max_iter=1000, n_iter_no_change=5, n_jobs=-1, penalty='l2',
              power_t=0.5, random_state=123, shuffle=True, tol=0.001,
              validation_fraction=0.1, verbose=0, warm_start=False)
2024-05-05 14:14:49,619:INFO:create_model() succesfully completed......................................
2024-05-05 14:14:49,727:INFO:SubProcess create_model() end ==================================
2024-05-05 14:14:49,727:INFO:Creating metrics dataframe
2024-05-05 14:14:49,755:INFO:Initializing Ridge Classifier
2024-05-05 14:14:49,756:INFO:Total runtime is 3.613886936505635 minutes
2024-05-05 14:14:49,764:INFO:SubProcess create_model() called ==================================
2024-05-05 14:14:49,764:INFO:Initializing create_model()
2024-05-05 14:14:49,764:INFO:create_model(estimator=ridge, fold=StratifiedKFold(n_splits=10, random_state=None, shuffle=False), round=4, cross_validation=True, predict=True, fit_kwargs={}, groups=None, refit=False, verbose=False, system=False, metrics=None, experiment_custom_tags=None, add_to_model_list=True, probability_threshold=None, display=<pycaret.internal.Display.Display object at 0x0000019F0A517280>, return_train_score=False, kwargs={})
2024-05-05 14:14:49,764:INFO:Checking exceptions
2024-05-05 14:14:49,764:INFO:Importing libraries
2024-05-05 14:14:49,764:INFO:Copying training dataset
2024-05-05 14:14:49,768:INFO:Defining folds
2024-05-05 14:14:49,768:INFO:Declaring metric variables
2024-05-05 14:14:49,775:INFO:Importing untrained model
2024-05-05 14:14:49,784:INFO:Ridge Classifier Imported succesfully
2024-05-05 14:14:49,801:INFO:Starting cross validation
2024-05-05 14:14:49,802:INFO:Cross validating with StratifiedKFold(n_splits=10, random_state=None, shuffle=False), n_jobs=-1
2024-05-05 14:14:50,372:INFO:Calculating mean and std
2024-05-05 14:14:50,373:INFO:Creating metrics dataframe
2024-05-05 14:14:50,396:INFO:Uploading results into container
2024-05-05 14:14:50,397:INFO:Uploading model into container now
2024-05-05 14:14:50,397:INFO:create_model_container: 6
2024-05-05 14:14:50,397:INFO:master_model_container: 6
2024-05-05 14:14:50,397:INFO:display_container: 2
2024-05-05 14:14:50,397:INFO:RidgeClassifier(alpha=1.0, class_weight=None, copy_X=True, fit_intercept=True,
                max_iter=None, normalize=False, random_state=123, solver='auto',
                tol=0.001)
2024-05-05 14:14:50,397:INFO:create_model() succesfully completed......................................
2024-05-05 14:14:50,516:INFO:SubProcess create_model() end ==================================
2024-05-05 14:14:50,516:INFO:Creating metrics dataframe
2024-05-05 14:14:50,546:INFO:Initializing Random Forest Classifier
2024-05-05 14:14:50,547:INFO:Total runtime is 3.627060210704803 minutes
2024-05-05 14:14:50,556:INFO:SubProcess create_model() called ==================================
2024-05-05 14:14:50,556:INFO:Initializing create_model()
2024-05-05 14:14:50,557:INFO:create_model(estimator=rf, fold=StratifiedKFold(n_splits=10, random_state=None, shuffle=False), round=4, cross_validation=True, predict=True, fit_kwargs={}, groups=None, refit=False, verbose=False, system=False, metrics=None, experiment_custom_tags=None, add_to_model_list=True, probability_threshold=None, display=<pycaret.internal.Display.Display object at 0x0000019F0A517280>, return_train_score=False, kwargs={})
2024-05-05 14:14:50,557:INFO:Checking exceptions
2024-05-05 14:14:50,557:INFO:Importing libraries
2024-05-05 14:14:50,557:INFO:Copying training dataset
2024-05-05 14:14:50,560:INFO:Defining folds
2024-05-05 14:14:50,560:INFO:Declaring metric variables
2024-05-05 14:14:50,568:INFO:Importing untrained model
2024-05-05 14:14:50,576:INFO:Random Forest Classifier Imported succesfully
2024-05-05 14:14:50,593:INFO:Starting cross validation
2024-05-05 14:14:50,594:INFO:Cross validating with StratifiedKFold(n_splits=10, random_state=None, shuffle=False), n_jobs=-1
2024-05-05 14:15:30,255:INFO:Calculating mean and std
2024-05-05 14:15:30,304:INFO:Creating metrics dataframe
2024-05-05 14:15:30,523:INFO:Uploading results into container
2024-05-05 14:15:30,523:INFO:Uploading model into container now
2024-05-05 14:15:30,523:INFO:create_model_container: 7
2024-05-05 14:15:30,523:INFO:master_model_container: 7
2024-05-05 14:15:30,524:INFO:display_container: 2
2024-05-05 14:15:30,526:INFO:RandomForestClassifier(bootstrap=True, ccp_alpha=0.0, class_weight=None,
                       criterion='gini', max_depth=None, max_features='auto',
                       max_leaf_nodes=None, max_samples=None,
                       min_impurity_decrease=0.0, min_impurity_split=None,
                       min_samples_leaf=1, min_samples_split=2,
                       min_weight_fraction_leaf=0.0, n_estimators=100,
                       n_jobs=-1, oob_score=False, random_state=123, verbose=0,
                       warm_start=False)
2024-05-05 14:15:30,526:INFO:create_model() succesfully completed......................................
2024-05-05 14:15:30,795:INFO:SubProcess create_model() end ==================================
2024-05-05 14:15:30,796:INFO:Creating metrics dataframe
2024-05-05 14:15:30,834:INFO:Initializing Quadratic Discriminant Analysis
2024-05-05 14:15:30,835:INFO:Total runtime is 4.298537202676137 minutes
2024-05-05 14:15:30,844:INFO:SubProcess create_model() called ==================================
2024-05-05 14:15:30,844:INFO:Initializing create_model()
2024-05-05 14:15:30,844:INFO:create_model(estimator=qda, fold=StratifiedKFold(n_splits=10, random_state=None, shuffle=False), round=4, cross_validation=True, predict=True, fit_kwargs={}, groups=None, refit=False, verbose=False, system=False, metrics=None, experiment_custom_tags=None, add_to_model_list=True, probability_threshold=None, display=<pycaret.internal.Display.Display object at 0x0000019F0A517280>, return_train_score=False, kwargs={})
2024-05-05 14:15:30,845:INFO:Checking exceptions
2024-05-05 14:15:30,845:INFO:Importing libraries
2024-05-05 14:15:30,845:INFO:Copying training dataset
2024-05-05 14:15:30,861:INFO:Defining folds
2024-05-05 14:15:30,861:INFO:Declaring metric variables
2024-05-05 14:15:30,869:INFO:Importing untrained model
2024-05-05 14:15:30,878:INFO:Quadratic Discriminant Analysis Imported succesfully
2024-05-05 14:15:30,895:INFO:Starting cross validation
2024-05-05 14:15:30,896:INFO:Cross validating with StratifiedKFold(n_splits=10, random_state=None, shuffle=False), n_jobs=-1
2024-05-05 14:15:32,851:INFO:Calculating mean and std
2024-05-05 14:15:32,853:INFO:Creating metrics dataframe
2024-05-05 14:15:32,884:INFO:Uploading results into container
2024-05-05 14:15:32,884:INFO:Uploading model into container now
2024-05-05 14:15:32,884:INFO:create_model_container: 8
2024-05-05 14:15:32,885:INFO:master_model_container: 8
2024-05-05 14:15:32,885:INFO:display_container: 2
2024-05-05 14:15:32,885:INFO:QuadraticDiscriminantAnalysis(priors=None, reg_param=0.0,
                              store_covariance=False, tol=0.0001)
2024-05-05 14:15:32,885:INFO:create_model() succesfully completed......................................
2024-05-05 14:15:33,042:INFO:SubProcess create_model() end ==================================
2024-05-05 14:15:33,043:INFO:Creating metrics dataframe
2024-05-05 14:15:33,078:INFO:Initializing Ada Boost Classifier
2024-05-05 14:15:33,079:INFO:Total runtime is 4.335926230748494 minutes
2024-05-05 14:15:33,089:INFO:SubProcess create_model() called ==================================
2024-05-05 14:15:33,090:INFO:Initializing create_model()
2024-05-05 14:15:33,090:INFO:create_model(estimator=ada, fold=StratifiedKFold(n_splits=10, random_state=None, shuffle=False), round=4, cross_validation=True, predict=True, fit_kwargs={}, groups=None, refit=False, verbose=False, system=False, metrics=None, experiment_custom_tags=None, add_to_model_list=True, probability_threshold=None, display=<pycaret.internal.Display.Display object at 0x0000019F0A517280>, return_train_score=False, kwargs={})
2024-05-05 14:15:33,090:INFO:Checking exceptions
2024-05-05 14:15:33,090:INFO:Importing libraries
2024-05-05 14:15:33,090:INFO:Copying training dataset
2024-05-05 14:15:33,095:INFO:Defining folds
2024-05-05 14:15:33,095:INFO:Declaring metric variables
2024-05-05 14:15:33,106:INFO:Importing untrained model
2024-05-05 14:15:33,116:INFO:Ada Boost Classifier Imported succesfully
2024-05-05 14:15:33,137:INFO:Starting cross validation
2024-05-05 14:15:33,138:INFO:Cross validating with StratifiedKFold(n_splits=10, random_state=None, shuffle=False), n_jobs=-1
2024-05-05 14:15:45,641:INFO:Calculating mean and std
2024-05-05 14:15:45,644:INFO:Creating metrics dataframe
2024-05-05 14:15:45,687:INFO:Uploading results into container
2024-05-05 14:15:45,687:INFO:Uploading model into container now
2024-05-05 14:15:45,687:INFO:create_model_container: 9
2024-05-05 14:15:45,688:INFO:master_model_container: 9
2024-05-05 14:15:45,688:INFO:display_container: 2
2024-05-05 14:15:45,688:INFO:AdaBoostClassifier(algorithm='SAMME.R', base_estimator=None, learning_rate=1.0,
                   n_estimators=50, random_state=123)
2024-05-05 14:15:45,700:INFO:create_model() succesfully completed......................................
2024-05-05 14:15:45,826:INFO:SubProcess create_model() end ==================================
2024-05-05 14:15:45,826:INFO:Creating metrics dataframe
2024-05-05 14:15:45,860:INFO:Initializing Gradient Boosting Classifier
2024-05-05 14:15:45,860:INFO:Total runtime is 4.548941536744435 minutes
2024-05-05 14:15:45,870:INFO:SubProcess create_model() called ==================================
2024-05-05 14:15:45,870:INFO:Initializing create_model()
2024-05-05 14:15:45,871:INFO:create_model(estimator=gbc, fold=StratifiedKFold(n_splits=10, random_state=None, shuffle=False), round=4, cross_validation=True, predict=True, fit_kwargs={}, groups=None, refit=False, verbose=False, system=False, metrics=None, experiment_custom_tags=None, add_to_model_list=True, probability_threshold=None, display=<pycaret.internal.Display.Display object at 0x0000019F0A517280>, return_train_score=False, kwargs={})
2024-05-05 14:15:45,871:INFO:Checking exceptions
2024-05-05 14:15:45,871:INFO:Importing libraries
2024-05-05 14:15:45,871:INFO:Copying training dataset
2024-05-05 14:15:45,875:INFO:Defining folds
2024-05-05 14:15:45,875:INFO:Declaring metric variables
2024-05-05 14:15:45,883:INFO:Importing untrained model
2024-05-05 14:15:45,893:INFO:Gradient Boosting Classifier Imported succesfully
2024-05-05 14:15:45,911:INFO:Starting cross validation
2024-05-05 14:15:45,912:INFO:Cross validating with StratifiedKFold(n_splits=10, random_state=None, shuffle=False), n_jobs=-1
2024-05-05 14:23:13,595:INFO:Calculating mean and std
2024-05-05 14:23:13,596:INFO:Creating metrics dataframe
2024-05-05 14:23:13,620:INFO:Uploading results into container
2024-05-05 14:23:13,620:INFO:Uploading model into container now
2024-05-05 14:23:13,620:INFO:create_model_container: 10
2024-05-05 14:23:13,620:INFO:master_model_container: 10
2024-05-05 14:23:13,620:INFO:display_container: 2
2024-05-05 14:23:13,620:INFO:GradientBoostingClassifier(ccp_alpha=0.0, criterion='friedman_mse', init=None,
                           learning_rate=0.1, loss='deviance', max_depth=3,
                           max_features=None, max_leaf_nodes=None,
                           min_impurity_decrease=0.0, min_impurity_split=None,
                           min_samples_leaf=1, min_samples_split=2,
                           min_weight_fraction_leaf=0.0, n_estimators=100,
                           n_iter_no_change=None, presort='deprecated',
                           random_state=123, subsample=1.0, tol=0.0001,
                           validation_fraction=0.1, verbose=0,
                           warm_start=False)
2024-05-05 14:23:13,622:INFO:create_model() succesfully completed......................................
2024-05-05 14:23:13,733:INFO:SubProcess create_model() end ==================================
2024-05-05 14:23:13,734:INFO:Creating metrics dataframe
2024-05-05 14:23:13,766:INFO:Initializing Linear Discriminant Analysis
2024-05-05 14:23:13,766:INFO:Total runtime is 12.01405378182729 minutes
2024-05-05 14:23:13,766:INFO:Total runtime 12.01405378182729 is over time budget by 7.01405378182729, breaking loop
2024-05-05 14:23:13,787:INFO:Initializing create_model()
2024-05-05 14:23:13,787:INFO:create_model(estimator=RandomForestClassifier(bootstrap=True, ccp_alpha=0.0, class_weight=None,
                       criterion='gini', max_depth=None, max_features='auto',
                       max_leaf_nodes=None, max_samples=None,
                       min_impurity_decrease=0.0, min_impurity_split=None,
                       min_samples_leaf=1, min_samples_split=2,
                       min_weight_fraction_leaf=0.0, n_estimators=100,
                       n_jobs=-1, oob_score=False, random_state=123, verbose=0,
                       warm_start=False), fold=StratifiedKFold(n_splits=10, random_state=None, shuffle=False), round=4, cross_validation=False, predict=False, fit_kwargs={}, groups=None, refit=True, verbose=False, system=False, metrics=None, experiment_custom_tags=None, add_to_model_list=True, probability_threshold=None, display=None, return_train_score=False, kwargs={})
2024-05-05 14:23:13,788:INFO:Checking exceptions
2024-05-05 14:23:13,788:INFO:Importing libraries
2024-05-05 14:23:13,788:INFO:Copying training dataset
2024-05-05 14:23:13,793:INFO:Defining folds
2024-05-05 14:23:13,793:INFO:Declaring metric variables
2024-05-05 14:23:13,793:INFO:Importing untrained model
2024-05-05 14:23:13,793:INFO:Declaring custom model
2024-05-05 14:23:13,794:INFO:Random Forest Classifier Imported succesfully
2024-05-05 14:23:13,795:INFO:Cross validation set to False
2024-05-05 14:23:13,795:INFO:Fitting Model
2024-05-05 14:23:17,408:INFO:RandomForestClassifier(bootstrap=True, ccp_alpha=0.0, class_weight=None,
                       criterion='gini', max_depth=None, max_features='auto',
                       max_leaf_nodes=None, max_samples=None,
                       min_impurity_decrease=0.0, min_impurity_split=None,
                       min_samples_leaf=1, min_samples_split=2,
                       min_weight_fraction_leaf=0.0, n_estimators=100,
                       n_jobs=-1, oob_score=False, random_state=123, verbose=0,
                       warm_start=False)
2024-05-05 14:23:17,408:INFO:create_models() succesfully completed......................................
2024-05-05 14:23:17,540:INFO:create_model_container: 10
2024-05-05 14:23:17,540:INFO:master_model_container: 10
2024-05-05 14:23:17,540:INFO:display_container: 2
2024-05-05 14:23:17,541:INFO:RandomForestClassifier(bootstrap=True, ccp_alpha=0.0, class_weight=None,
                       criterion='gini', max_depth=None, max_features='auto',
                       max_leaf_nodes=None, max_samples=None,
                       min_impurity_decrease=0.0, min_impurity_split=None,
                       min_samples_leaf=1, min_samples_split=2,
                       min_weight_fraction_leaf=0.0, n_estimators=100,
                       n_jobs=-1, oob_score=False, random_state=123, verbose=0,
                       warm_start=False)
2024-05-05 14:23:17,541:INFO:compare_models() succesfully completed......................................
